
c:\nodejs_workspace\socket.io_test\node_modules\uws>if not defined npm_config_node_gyp (node "C:\Program Files\nodejs\node_modules\npm\bin\node-gyp-bin\\..\..\node_modules\node-gyp\bin\node-gyp.js" rebuild )  else (node "" rebuild ) 
이 솔루션의 프로젝트를 한 번에 하나씩 빌드합니다. 병렬 빌드를 사용하려면 "/m" 스위치를 추가하십시오.
  Extensions.cpp
  Group.cpp
  Networking.cpp
  Hub.cpp
  Node.cpp
C:\Program Files (x86)\Microsoft Visual Studio 12.0\VC\include\algorithm(4141): warning C4267: 'argument' : conversion from 'size_t' to 'const int', possible loss of data (..\src\Group.cpp) [c:\nodejs_workspace\socket.io_test\node_modules\uws\build\uws.vcxproj]
C:\Program Files (x86)\Microsoft Visual Studio 12.0\VC\include\algorithm(4141): warning C4267: 'argument' : conversion from 'size_t' to 'const int', possible loss of data (..\src\Node.cpp) [c:\nodejs_workspace\socket.io_test\node_modules\uws\build\uws.vcxproj]
C:\Program Files (x86)\Microsoft Visual Studio 12.0\VC\include\algorithm(4141): warning C4267: 'argument' : conversion from 'size_t' to 'const int', possible loss of data (..\src\Networking.cpp) [c:\nodejs_workspace\socket.io_test\node_modules\uws\build\uws.vcxproj]
C:\Program Files (x86)\Microsoft Visual Studio 12.0\VC\include\algorithm(4141): warning C4267: 'argument' : conversion from 'size_t' to 'const int', possible loss of data (..\src\Hub.cpp) [c:\nodejs_workspace\socket.io_test\node_modules\uws\build\uws.vcxproj]
c:\nodejs_workspace\socket.io_test\node_modules\uws\src\Networking.h(219): warning C4267: 'return' : conversion from 'size_t' to 'int', possible loss of data (..\src\Networking.cpp) [c:\nodejs_workspace\socket.io_test\node_modules\uws\build\uws.vcxproj]
c:\nodejs_workspace\socket.io_test\node_modules\uws\src\Networking.h(219): warning C4267: 'return' : conversion from 'size_t' to 'int', possible loss of data (..\src\Group.cpp) [c:\nodejs_workspace\socket.io_test\node_modules\uws\build\uws.vcxproj]
c:\nodejs_workspace\socket.io_test\node_modules\uws\src\Networking.h(219): warning C4267: 'return' : conversion from 'size_t' to 'int', possible loss of data (..\src\Hub.cpp) [c:\nodejs_workspace\socket.io_test\node_modules\uws\build\uws.vcxproj]
c:\nodejs_workspace\socket.io_test\node_modules\uws\src\Networking.h(219): warning C4267: 'return' : conversion from 'size_t' to 'int', possible loss of data (..\src\Node.cpp) [c:\nodejs_workspace\socket.io_test\node_modules\uws\build\uws.vcxproj]
c:\nodejs_workspace\socket.io_test\node_modules\uws\src\Socket.h(26): warning C4275: non dll-interface struct 'Poll' used as base for dll-interface struct 'uS::Socket' (..\src\Node.cpp) [c:\nodejs_workspace\socket.io_test\node_modules\uws\build\uws.vcxproj]
          c:\nodejs_workspace\socket.io_test\node_modules\uws\src\Libuv.h(92) : see declaration of 'Poll'
          c:\nodejs_workspace\socket.io_test\node_modules\uws\src\Socket.h(26) : see declaration of 'uS::Socket'
c:\nodejs_workspace\socket.io_test\node_modules\uws\src\Socket.h(26): warning C4275: non dll-interface struct 'Poll' used as base for dll-interface struct 'uS::Socket' (..\src\Group.cpp) [c:\nodejs_workspace\socket.io_test\node_modules\uws\build\uws.vcxproj]
          c:\nodejs_workspace\socket.io_test\node_modules\uws\src\Libuv.h(92) : see declaration of 'Poll'
          c:\nodejs_workspace\socket.io_test\node_modules\uws\src\Socket.h(26) : see declaration of 'uS::Socket'
c:\nodejs_workspace\socket.io_test\node_modules\uws\src\Socket.h(26): warning C4275: non dll-interface struct 'Poll' used as base for dll-interface struct 'uS::Socket' (..\src\Hub.cpp) [c:\nodejs_workspace\socket.io_test\node_modules\uws\build\uws.vcxproj]
          c:\nodejs_workspace\socket.io_test\node_modules\uws\src\Libuv.h(92) : see declaration of 'Poll'
          c:\nodejs_workspace\socket.io_test\node_modules\uws\src\Socket.h(26) : see declaration of 'uS::Socket'
c:\nodejs_workspace\socket.io_test\node_modules\uws\src\Socket.h(31): error C2797: 'uS::Socket::state': list initialization inside member initializer list or non-static data member initializer is not implemented (..\src\Node.cpp) [c:\nodejs_workspace\socket.io_test\node_modules\uws\build\uws.vcxproj]
c:\nodejs_workspace\socket.io_test\node_modules\uws\src\Socket.h(31): error C2797: 'uS::Socket::state': list initialization inside member initializer list or non-static data member initializer is not implemented (..\src\Group.cpp) [c:\nodejs_workspace\socket.io_test\node_modules\uws\build\uws.vcxproj]
c:\nodejs_workspace\socket.io_test\node_modules\uws\src\Socket.h(31): error C2797: 'uS::Socket::state': list initialization inside member initializer list or non-static data member initializer is not implemented (..\src\Hub.cpp) [c:\nodejs_workspace\socket.io_test\node_modules\uws\build\uws.vcxproj]
c:\nodejs_workspace\socket.io_test\node_modules\uws\src\Socket.h(309): warning C4267: 'argument' : conversion from 'size_t' to 'int', possible loss of data (..\src\Node.cpp) [c:\nodejs_workspace\socket.io_test\node_modules\uws\build\uws.vcxproj]
c:\nodejs_workspace\socket.io_test\node_modules\uws\src\Socket.h(309): warning C4267: 'argument' : conversion from 'size_t' to 'int', possible loss of data (..\src\Group.cpp) [c:\nodejs_workspace\socket.io_test\node_modules\uws\build\uws.vcxproj]
c:\nodejs_workspace\socket.io_test\node_modules\uws\src\Socket.h(314): warning C4244: 'argument' : conversion from 'ssize_t' to 'int', possible loss of data (..\src\Node.cpp) [c:\nodejs_workspace\socket.io_test\node_modules\uws\build\uws.vcxproj]
c:\nodejs_workspace\socket.io_test\node_modules\uws\src\Socket.h(314): warning C4244: 'argument' : conversion from 'ssize_t' to 'int', possible loss of data (..\src\Group.cpp) [c:\nodejs_workspace\socket.io_test\node_modules\uws\build\uws.vcxproj]
c:\nodejs_workspace\socket.io_test\node_modules\uws\src\Socket.h(309): warning C4267: 'argument' : conversion from 'size_t' to 'int', possible loss of data (..\src\Hub.cpp) [c:\nodejs_workspace\socket.io_test\node_modules\uws\build\uws.vcxproj]
c:\nodejs_workspace\socket.io_test\node_modules\uws\src\Socket.h(328): warning C4267: 'argument' : conversion from 'size_t' to 'int', possible loss of data (..\src\Node.cpp) [c:\nodejs_workspace\socket.io_test\node_modules\uws\build\uws.vcxproj]
c:\nodejs_workspace\socket.io_test\node_modules\uws\src\Socket.h(328): warning C4267: 'argument' : conversion from 'size_t' to 'int', possible loss of data (..\src\Group.cpp) [c:\nodejs_workspace\socket.io_test\node_modules\uws\build\uws.vcxproj]
c:\nodejs_workspace\socket.io_test\node_modules\uws\src\Socket.h(314): warning C4244: 'argument' : conversion from 'ssize_t' to 'int', possible loss of data (..\src\Hub.cpp) [c:\nodejs_workspace\socket.io_test\node_modules\uws\build\uws.vcxproj]
c:\nodejs_workspace\socket.io_test\node_modules\uws\src\Socket.h(328): warning C4267: 'argument' : conversion from 'size_t' to 'int', possible loss of data (..\src\Hub.cpp) [c:\nodejs_workspace\socket.io_test\node_modules\uws\build\uws.vcxproj]
  WebSocket.cpp
..\src\Hub.cpp(11): warning C4267: '=' : conversion from 'size_t' to 'uInt', possible loss of data [c:\nodejs_workspace\socket.io_test\node_modules\uws\build\uws.vcxproj]
  HTTPSocket.cpp
  Socket.cpp
  addon.cpp
C:\Program Files (x86)\Microsoft Visual Studio 12.0\VC\include\algorithm(4141): warning C4267: 'argument' : conversion from 'size_t' to 'const int', possible loss of data (..\src\WebSocket.cpp) [c:\nodejs_workspace\socket.io_test\node_modules\uws\build\uws.vcxproj]
c:\nodejs_workspace\socket.io_test\node_modules\uws\src\Networking.h(219): warning C4267: 'return' : conversion from 'size_t' to 'int', possible loss of data (..\src\WebSocket.cpp) [c:\nodejs_workspace\socket.io_test\node_modules\uws\build\uws.vcxproj]
c:\nodejs_workspace\socket.io_test\node_modules\uws\src\Socket.h(26): warning C4275: non dll-interface struct 'Poll' used as base for dll-interface struct 'uS::Socket' (..\src\WebSocket.cpp) [c:\nodejs_workspace\socket.io_test\node_modules\uws\build\uws.vcxproj]
          c:\nodejs_workspace\socket.io_test\node_modules\uws\src\Libuv.h(92) : see declaration of 'Poll'
          c:\nodejs_workspace\socket.io_test\node_modules\uws\src\Socket.h(26) : see declaration of 'uS::Socket'
c:\nodejs_workspace\socket.io_test\node_modules\uws\src\Socket.h(31): error C2797: 'uS::Socket::state': list initialization inside member initializer list or non-static data member initializer is not implemented (..\src\WebSocket.cpp) [c:\nodejs_workspace\socket.io_test\node_modules\uws\build\uws.vcxproj]
c:\nodejs_workspace\socket.io_test\node_modules\uws\src\Socket.h(309): warning C4267: 'argument' : conversion from 'size_t' to 'int', possible loss of data (..\src\WebSocket.cpp) [c:\nodejs_workspace\socket.io_test\node_modules\uws\build\uws.vcxproj]
c:\nodejs_workspace\socket.io_test\node_modules\uws\src\Socket.h(314): warning C4244: 'argument' : conversion from 'ssize_t' to 'int', possible loss of data (..\src\WebSocket.cpp) [c:\nodejs_workspace\socket.io_test\node_modules\uws\build\uws.vcxproj]
c:\nodejs_workspace\socket.io_test\node_modules\uws\src\Socket.h(328): warning C4267: 'argument' : conversion from 'size_t' to 'int', possible loss of data (..\src\WebSocket.cpp) [c:\nodejs_workspace\socket.io_test\node_modules\uws\build\uws.vcxproj]
C:\Program Files (x86)\Microsoft Visual Studio 12.0\VC\include\algorithm(4141): warning C4267: 'argument' : conversion from 'size_t' to 'const int', possible loss of data (..\src\Socket.cpp) [c:\nodejs_workspace\socket.io_test\node_modules\uws\build\uws.vcxproj]
c:\nodejs_workspace\socket.io_test\node_modules\uws\src\Networking.h(219): warning C4267: 'return' : conversion from 'size_t' to 'int', possible loss of data (..\src\Socket.cpp) [c:\nodejs_workspace\socket.io_test\node_modules\uws\build\uws.vcxproj]
c:\nodejs_workspace\socket.io_test\node_modules\uws\src\Socket.h(26): warning C4275: non dll-interface struct 'Poll' used as base for dll-interface struct 'uS::Socket' (..\src\Socket.cpp) [c:\nodejs_workspace\socket.io_test\node_modules\uws\build\uws.vcxproj]
          c:\nodejs_workspace\socket.io_test\node_modules\uws\src\Libuv.h(92) : see declaration of 'Poll'
          c:\nodejs_workspace\socket.io_test\node_modules\uws\src\Socket.h(26) : see declaration of 'uS::Socket'
c:\nodejs_workspace\socket.io_test\node_modules\uws\src\Socket.h(31): error C2797: 'uS::Socket::state': list initialization inside member initializer list or non-static data member initializer is not implemented (..\src\Socket.cpp) [c:\nodejs_workspace\socket.io_test\node_modules\uws\build\uws.vcxproj]
c:\nodejs_workspace\socket.io_test\node_modules\uws\src\Socket.h(309): warning C4267: 'argument' : conversion from 'size_t' to 'int', possible loss of data (..\src\Socket.cpp) [c:\nodejs_workspace\socket.io_test\node_modules\uws\build\uws.vcxproj]
c:\nodejs_workspace\socket.io_test\node_modules\uws\src\Socket.h(314): warning C4244: 'argument' : conversion from 'ssize_t' to 'int', possible loss of data (..\src\Socket.cpp) [c:\nodejs_workspace\socket.io_test\node_modules\uws\build\uws.vcxproj]
c:\nodejs_workspace\socket.io_test\node_modules\uws\src\Socket.h(328): warning C4267: 'argument' : conversion from 'size_t' to 'int', possible loss of data (..\src\Socket.cpp) [c:\nodejs_workspace\socket.io_test\node_modules\uws\build\uws.vcxproj]
  win_delay_load_hook.cc
C:\Program Files (x86)\Microsoft Visual Studio 12.0\VC\include\algorithm(4141): warning C4267: 'argument' : conversion from 'size_t' to 'const int', possible loss of data (..\src\HTTPSocket.cpp) [c:\nodejs_workspace\socket.io_test\node_modules\uws\build\uws.vcxproj]
c:\nodejs_workspace\socket.io_test\node_modules\uws\src\Networking.h(219): warning C4267: 'return' : conversion from 'size_t' to 'int', possible loss of data (..\src\HTTPSocket.cpp) [c:\nodejs_workspace\socket.io_test\node_modules\uws\build\uws.vcxproj]
c:\nodejs_workspace\socket.io_test\node_modules\uws\src\Socket.h(26): warning C4275: non dll-interface struct 'Poll' used as base for dll-interface struct 'uS::Socket' (..\src\HTTPSocket.cpp) [c:\nodejs_workspace\socket.io_test\node_modules\uws\build\uws.vcxproj]
          c:\nodejs_workspace\socket.io_test\node_modules\uws\src\Libuv.h(92) : see declaration of 'Poll'
          c:\nodejs_workspace\socket.io_test\node_modules\uws\src\Socket.h(26) : see declaration of 'uS::Socket'
c:\nodejs_workspace\socket.io_test\node_modules\uws\src\Socket.h(31): error C2797: 'uS::Socket::state': list initialization inside member initializer list or non-static data member initializer is not implemented (..\src\HTTPSocket.cpp) [c:\nodejs_workspace\socket.io_test\node_modules\uws\build\uws.vcxproj]
c:\nodejs_workspace\socket.io_test\node_modules\uws\src\Socket.h(309): warning C4267: 'argument' : conversion from 'size_t' to 'int', possible loss of data (..\src\HTTPSocket.cpp) [c:\nodejs_workspace\socket.io_test\node_modules\uws\build\uws.vcxproj]
c:\nodejs_workspace\socket.io_test\node_modules\uws\src\Socket.h(314): warning C4244: 'argument' : conversion from 'ssize_t' to 'int', possible loss of data (..\src\HTTPSocket.cpp) [c:\nodejs_workspace\socket.io_test\node_modules\uws\build\uws.vcxproj]
c:\nodejs_workspace\socket.io_test\node_modules\uws\src\Socket.h(328): warning C4267: 'argument' : conversion from 'size_t' to 'int', possible loss of data (..\src\HTTPSocket.cpp) [c:\nodejs_workspace\socket.io_test\node_modules\uws\build\uws.vcxproj]
..\src\HTTPSocket.cpp(24): warning C4244: '=' : conversion from '__int64' to 'unsigned int', possible loss of data [c:\nodejs_workspace\socket.io_test\node_modules\uws\build\uws.vcxproj]
..\src\HTTPSocket.cpp(29): warning C4244: '=' : conversion from '__int64' to 'unsigned int', possible loss of data [c:\nodejs_workspace\socket.io_test\node_modules\uws\build\uws.vcxproj]
C:\Program Files (x86)\Microsoft Visual Studio 12.0\VC\include\algorithm(4141): warning C4267: 'argument' : conversion from 'size_t' to 'const int', possible loss of data (..\src\addon.cpp) [c:\nodejs_workspace\socket.io_test\node_modules\uws\build\uws.vcxproj]
c:\nodejs_workspace\socket.io_test\node_modules\uws\src\Networking.h(219): warning C4267: 'return' : conversion from 'size_t' to 'int', possible loss of data (..\src\addon.cpp) [c:\nodejs_workspace\socket.io_test\node_modules\uws\build\uws.vcxproj]
c:\nodejs_workspace\socket.io_test\node_modules\uws\src\Socket.h(26): warning C4275: non dll-interface struct 'Poll' used as base for dll-interface struct 'uS::Socket' (..\src\addon.cpp) [c:\nodejs_workspace\socket.io_test\node_modules\uws\build\uws.vcxproj]
          c:\nodejs_workspace\socket.io_test\node_modules\uws\src\Libuv.h(92) : see declaration of 'Poll'
          c:\nodejs_workspace\socket.io_test\node_modules\uws\src\Socket.h(26) : see declaration of 'uS::Socket'
c:\nodejs_workspace\socket.io_test\node_modules\uws\src\Socket.h(31): error C2797: 'uS::Socket::state': list initialization inside member initializer list or non-static data member initializer is not implemented (..\src\addon.cpp) [c:\nodejs_workspace\socket.io_test\node_modules\uws\build\uws.vcxproj]
c:\nodejs_workspace\socket.io_test\node_modules\uws\src\Socket.h(309): warning C4267: 'argument' : conversion from 'size_t' to 'int', possible loss of data (..\src\addon.cpp) [c:\nodejs_workspace\socket.io_test\node_modules\uws\build\uws.vcxproj]
c:\nodejs_workspace\socket.io_test\node_modules\uws\src\Socket.h(314): warning C4244: 'argument' : conversion from 'ssize_t' to 'int', possible loss of data (..\src\addon.cpp) [c:\nodejs_workspace\socket.io_test\node_modules\uws\build\uws.vcxproj]
c:\nodejs_workspace\socket.io_test\node_modules\uws\src\Socket.h(328): warning C4267: 'argument' : conversion from 'size_t' to 'int', possible loss of data (..\src\addon.cpp) [c:\nodejs_workspace\socket.io_test\node_modules\uws\build\uws.vcxproj]
c:\nodejs_workspace\socket.io_test\node_modules\uws\src\addon.h(102): warning C4267: 'argument' : conversion from 'size_t' to 'int', possible loss of data (..\src\addon.cpp) [c:\nodejs_workspace\socket.io_test\node_modules\uws\build\uws.vcxproj]
c:\nodejs_workspace\socket.io_test\node_modules\uws\src\addon.h(416): warning C4244: 'argument' : conversion from 'int64_t' to 'int', possible loss of data (..\src\addon.cpp) [c:\nodejs_workspace\socket.io_test\node_modules\uws\build\uws.vcxproj]
c:\nodejs_workspace\socket.io_test\node_modules\uws\src\addon.h(425): warning C4244: 'argument' : conversion from 'int64_t' to 'int', possible loss of data (..\src\addon.cpp) [c:\nodejs_workspace\socket.io_test\node_modules\uws\build\uws.vcxproj]
c:\nodejs_workspace\socket.io_test\node_modules\uws\src\http.h(149): warning C4018: '<' : signed/unsigned mismatch (..\src\addon.cpp) [c:\nodejs_workspace\socket.io_test\node_modules\uws\build\uws.vcxproj]
c:\nodejs_workspace\socket.io_test\node_modules\uws\src\http.h(308): warning C4244: 'argument' : conversion from 'int64_t' to 'int', possible loss of data (..\src\addon.cpp) [c:\nodejs_workspace\socket.io_test\node_modules\uws\build\uws.vcxproj]
gyp ERR! build error 
gyp ERR! stack Error: `C:\Program Files (x86)\MSBuild\12.0\bin\msbuild.exe` failed with exit code: 1
gyp ERR! stack     at ChildProcess.onExit (C:\Program Files\nodejs\node_modules\npm\node_modules\node-gyp\lib\build.js:276:23)
gyp ERR! stack     at emitTwo (events.js:106:13)
gyp ERR! stack     at ChildProcess.emit (events.js:191:7)
gyp ERR! stack     at Process.ChildProcess._handle.onexit (internal/child_process.js:215:12)
gyp ERR! System Windows_NT 10.0.15063
gyp ERR! command "C:\\Program Files\\nodejs\\node.exe" "C:\\Program Files\\nodejs\\node_modules\\npm\\node_modules\\node-gyp\\bin\\node-gyp.js" "rebuild"
gyp ERR! cwd c:\nodejs_workspace\socket.io_test\node_modules\uws
gyp ERR! node -v v6.9.5
gyp ERR! node-gyp -v v3.4.0
gyp ERR! not ok 
